<?xml version="1.0" encoding="UTF-8"?>
<testng-results skipped="0" failed="0" total="1" passed="1">
  <reporter-output>
    <line>
      <![CDATA[Maximized window]]>
    </line>
    <line>
      <![CDATA[<br><img src='D:\Report\screenShot1562812461023.png' height='400' width='400'/><br>]]>
    </line>
    <line>
      <![CDATA[<br><img src='D:\Report\screenShot1562812466763.png' height='400' width='400'/><br>]]>
    </line>
    <line>
      <![CDATA[<br><img src='D:\Report\screenShot1562812475705.png' height='400' width='400'/><br>]]>
    </line>
  </reporter-output>
  <suite name="Suite" duration-ms="29931" started-at="2019-07-11T02:34:07Z" finished-at="2019-07-11T02:34:37Z">
    <groups>
    </groups>
    <test name="Test" duration-ms="29931" started-at="2019-07-11T02:34:07Z" finished-at="2019-07-11T02:34:37Z">
      <class name="com.testscripts.CartshoeItem">
        <test-method status="PASS" signature="setup()[pri:0, instance:com.testscripts.CartshoeItem@548a9f61]" name="setup" is-config="true" duration-ms="11888" started-at="2019-07-11T08:04:07Z" finished-at="2019-07-11T08:04:19Z">
          <reporter-output>
            <line>
              <![CDATA[Maximized window]]>
            </line>
          </reporter-output>
        </test-method> <!-- setup -->
        <test-method status="PASS" signature="AddItemToCart()[pri:0, instance:com.testscripts.CartshoeItem@548a9f61]" name="AddItemToCart" duration-ms="16456" started-at="2019-07-11T08:04:19Z" finished-at="2019-07-11T08:04:35Z">
          <reporter-output>
            <line>
              <![CDATA[<br><img src='D:\Report\screenShot1562812461023.png' height='400' width='400'/><br>]]>
            </line>
            <line>
              <![CDATA[<br><img src='D:\Report\screenShot1562812466763.png' height='400' width='400'/><br>]]>
            </line>
            <line>
              <![CDATA[<br><img src='D:\Report\screenShot1562812475705.png' height='400' width='400'/><br>]]>
            </line>
          </reporter-output>
        </test-method> <!-- AddItemToCart -->
        <test-method status="PASS" signature="teardown()[pri:0, instance:com.testscripts.CartshoeItem@548a9f61]" name="teardown" is-config="true" duration-ms="1564" started-at="2019-07-11T08:04:35Z" finished-at="2019-07-11T08:04:37Z">
          <reporter-output>
          </reporter-output>
        </test-method> <!-- teardown -->
      </class> <!-- com.testscripts.CartshoeItem -->
    </test> <!-- Test -->
  </suite> <!-- Suite -->
</testng-results>
